# JRE version: OpenJDK Runtime Environment (14.0.2+12) (build 14.0.2+12-46)
# Java VM: OpenJDK 64-Bit Server VM (14.0.2+12-46, mixed mode, sharing, tiered, compressed oops, g1 gc, windows-amd64)
Heap:
 garbage-first heap   total 126976K, used 42062K [0x0000000085800000, 0x0000000100000000)
  region size 1024K, 37 young (37888K), 4 survivors (4096K)
 Metaspace       used 14014K, capacity 14468K, committed 14592K, reserved 1062912K
  class space    used 1854K, capacity 2033K, committed 2048K, reserved 1048576K
GC Heap History (8 events):
Event: 3.273 GC heap before
{Heap before GC invocations=0 (full 0):
 garbage-first heap   total 126976K, used 13312K [0x0000000085800000, 0x0000000100000000)
  region size 1024K, 13 young (13312K), 0 survivors (0K)
 Metaspace       used 930K, capacity 4844K, committed 5120K, reserved 1056768K
  class space    used 56K, capacity 424K, committed 512K, reserved 1048576K
}
Event: 3.288 GC heap after
{Heap after GC invocations=1 (full 0):
 garbage-first heap   total 126976K, used 7085K [0x0000000085800000, 0x0000000100000000)
  region size 1024K, 2 young (2048K), 2 survivors (2048K)
 Metaspace       used 930K, capacity 4844K, committed 5120K, reserved 1056768K
  class space    used 56K, capacity 424K, committed 512K, reserved 1048576K
}
Event: 5.070 GC heap before
{Heap before GC invocations=1 (full 0):
 garbage-first heap   total 126976K, used 16301K [0x0000000085800000, 0x0000000100000000)
  region size 1024K, 12 young (12288K), 2 survivors (2048K)
 Metaspace       used 2765K, capacity 5680K, committed 6016K, reserved 1056768K
  class space    used 271K, capacity 556K, committed 640K, reserved 1048576K
}
Event: 5.078 GC heap after
{Heap after GC invocations=2 (full 0):
 garbage-first heap   total 126976K, used 8399K [0x0000000085800000, 0x0000000100000000)
  region size 1024K, 2 young (2048K), 2 survivors (2048K)
 Metaspace       used 2765K, capacity 5680K, committed 6016K, reserved 1056768K
  class space    used 271K, capacity 556K, committed 640K, reserved 1048576K
}
Event: 6.474 GC heap before
{Heap before GC invocations=2 (full 0):
 garbage-first heap   total 126976K, used 25807K [0x0000000085800000, 0x0000000100000000)
  region size 1024K, 20 young (20480K), 2 survivors (2048K)
 Metaspace       used 4685K, capacity 6792K, committed 6912K, reserved 1056768K
  class space    used 518K, capacity 740K, committed 768K, reserved 1048576K
}
Event: 6.479 GC heap after
{Heap after GC invocations=3 (full 0):
 garbage-first heap   total 126976K, used 8960K [0x0000000085800000, 0x0000000100000000)
  region size 1024K, 2 young (2048K), 2 survivors (2048K)
 Metaspace       used 4685K, capacity 6792K, committed 6912K, reserved 1056768K
  class space    used 518K, capacity 740K, committed 768K, reserved 1048576K
}
Event: 10.546 GC heap before
{Heap before GC invocations=3 (full 0):
 garbage-first heap   total 126976K, used 81664K [0x0000000085800000, 0x0000000100000000)
  region size 1024K, 74 young (75776K), 2 survivors (2048K)
 Metaspace       used 9535K, capacity 10481K, committed 10624K, reserved 1058816K
  class space    used 1220K, capacity 1390K, committed 1408K, reserved 1048576K
}
Event: 10.551 GC heap after
{Heap after GC invocations=4 (full 0):
 garbage-first heap   total 126976K, used 10318K [0x0000000085800000, 0x0000000100000000)
  region size 1024K, 4 young (4096K), 4 survivors (4096K)
 Metaspace       used 9535K, capacity 10481K, committed 10624K, reserved 1058816K
  class space    used 1220K, capacity 1390K, committed 1408K, reserved 1048576K
}

