# JRE version: OpenJDK Runtime Environment (14.0.2+12) (build 14.0.2+12-46)
# Java VM: OpenJDK 64-Bit Server VM (14.0.2+12-46, mixed mode, sharing, tiered, compressed oops, g1 gc, windows-amd64)
Heap:
 garbage-first heap   total 262144K, used 81141K [0x00000000e0000000, 0x0000000100000000)
  region size 1024K, 62 young (63488K), 16 survivors (16384K)
 Metaspace       used 48906K, capacity 50420K, committed 50560K, reserved 299008K
  class space    used 6704K, capacity 7209K, committed 7296K, reserved 253952K
GC Heap History (12 events):
Event: 1.583 GC heap before
{Heap before GC invocations=0 (full 0):
 garbage-first heap   total 262144K, used 18432K [0x00000000e0000000, 0x0000000100000000)
  region size 1024K, 13 young (13312K), 0 survivors (0K)
 Metaspace       used 1464K, capacity 5019K, committed 5120K, reserved 262144K
  class space    used 138K, capacity 480K, committed 512K, reserved 253952K
}
Event: 1.649 GC heap after
{Heap after GC invocations=1 (full 0):
 garbage-first heap   total 262144K, used 8132K [0x00000000e0000000, 0x0000000100000000)
  region size 1024K, 2 young (2048K), 2 survivors (2048K)
 Metaspace       used 1464K, capacity 5019K, committed 5120K, reserved 262144K
  class space    used 138K, capacity 480K, committed 512K, reserved 253952K
}
Event: 2.612 GC heap before
{Heap before GC invocations=1 (full 0):
 garbage-first heap   total 262144K, used 20420K [0x00000000e0000000, 0x0000000100000000)
  region size 1024K, 14 young (14336K), 2 survivors (2048K)
 Metaspace       used 4017K, capacity 6749K, committed 7040K, reserved 262144K
  class space    used 520K, capacity 803K, committed 896K, reserved 253952K
}
Event: 2.615 GC heap after
{Heap after GC invocations=2 (full 0):
 garbage-first heap   total 262144K, used 9263K [0x00000000e0000000, 0x0000000100000000)
  region size 1024K, 1 young (1024K), 1 survivors (1024K)
 Metaspace       used 4017K, capacity 6749K, committed 7040K, reserved 262144K
  class space    used 520K, capacity 803K, committed 896K, reserved 253952K
}
Event: 3.666 GC heap before
{Heap before GC invocations=2 (full 0):
 garbage-first heap   total 262144K, used 30767K [0x00000000e0000000, 0x0000000100000000)
  region size 1024K, 23 young (23552K), 1 survivors (1024K)
 Metaspace       used 4143K, capacity 6750K, committed 7040K, reserved 262144K
  class space    used 520K, capacity 803K, committed 896K, reserved 253952K
}
Event: 3.669 GC heap after
{Heap after GC invocations=3 (full 0):
 garbage-first heap   total 262144K, used 11597K [0x00000000e0000000, 0x0000000100000000)
  region size 1024K, 3 young (3072K), 3 survivors (3072K)
 Metaspace       used 4143K, capacity 6750K, committed 7040K, reserved 262144K
  class space    used 520K, capacity 803K, committed 896K, reserved 253952K
}
Event: 10.173 GC heap before
{Heap before GC invocations=3 (full 0):
 garbage-first heap   total 262144K, used 153933K [0x00000000e0000000, 0x0000000100000000)
  region size 1024K, 144 young (147456K), 3 survivors (3072K)
 Metaspace       used 20499K, capacity 21197K, committed 21248K, reserved 272384K
  class space    used 3079K, capacity 3311K, committed 3328K, reserved 253952K
}
Event: 10.186 GC heap after
{Heap after GC invocations=4 (full 0):
 garbage-first heap   total 262144K, used 19372K [0x00000000e0000000, 0x0000000100000000)
  region size 1024K, 11 young (11264K), 11 survivors (11264K)
 Metaspace       used 20499K, capacity 21197K, committed 21248K, reserved 272384K
  class space    used 3079K, capacity 3311K, committed 3328K, reserved 253952K
}
Event: 15.055 GC heap before
{Heap before GC invocations=5 (full 0):
 garbage-first heap   total 262144K, used 113580K [0x00000000e0000000, 0x0000000100000000)
  region size 1024K, 102 young (104448K), 11 survivors (11264K)
 Metaspace       used 34856K, capacity 35723K, committed 35840K, reserved 284672K
  class space    used 4723K, capacity 5008K, committed 5120K, reserved 253952K
}
Event: 15.072 GC heap after
{Heap after GC invocations=6 (full 0):
 garbage-first heap   total 262144K, used 26633K [0x00000000e0000000, 0x0000000100000000)
  region size 1024K, 17 young (17408K), 17 survivors (17408K)
 Metaspace       used 34856K, capacity 35723K, committed 35840K, reserved 284672K
  class space    used 4723K, capacity 5008K, committed 5120K, reserved 253952K
}
Event: 18.276 GC heap before
{Heap before GC invocations=7 (full 0):
 garbage-first heap   total 262144K, used 166921K [0x00000000e0000000, 0x0000000100000000)
  region size 1024K, 153 young (156672K), 17 survivors (17408K)
 Metaspace       used 45139K, capacity 46440K, committed 46592K, reserved 294912K
  class space    used 6155K, capacity 6613K, committed 6656K, reserved 253952K
}
Event: 18.305 GC heap after
{Heap after GC invocations=8 (full 0):
 garbage-first heap   total 262144K, used 35061K [0x00000000e0000000, 0x0000000100000000)
  region size 1024K, 16 young (16384K), 16 survivors (16384K)
 Metaspace       used 45139K, capacity 46440K, committed 46592K, reserved 294912K
  class space    used 6155K, capacity 6613K, committed 6656K, reserved 253952K
}

